Arguments: 
  /home/linuxbrew/.linuxbrew/Cellar/node/11.13.0/bin/node /home/linuxbrew/.linuxbrew/Cellar/yarn/1.15.2/libexec/bin/yarn.js add react-proptype

PATH: 
  /home/linuxbrew/.linuxbrew/bin:/home/linuxbrew/.linuxbrew/sbin:/home/terry/.local/bin:/home/linuxbrew/.linuxbrew/bin:/home/linuxbrew/.linuxbrew/sbin:/home/terry/.local/bin:/usr/local/sbin:/usr/local/bin:/usr/sbin:/usr/bin:/sbin:/bin:/usr/games:/usr/local/games:/snap/bin

Yarn version: 
  1.15.2

Node version: 
  11.13.0

Platform: 
  linux x64

Trace: 
  Error: https://registry.yarnpkg.com/react-proptype: Not found
      at Request.params.callback [as _callback] (/home/linuxbrew/.linuxbrew/Cellar/yarn/1.15.2/libexec/lib/cli.js:66058:18)
      at Request.self.callback (/home/linuxbrew/.linuxbrew/Cellar/yarn/1.15.2/libexec/lib/cli.js:129541:22)
      at Request.emit (events.js:193:13)
      at Request.<anonymous> (/home/linuxbrew/.linuxbrew/Cellar/yarn/1.15.2/libexec/lib/cli.js:130513:10)
      at Request.emit (events.js:193:13)
      at IncomingMessage.<anonymous> (/home/linuxbrew/.linuxbrew/Cellar/yarn/1.15.2/libexec/lib/cli.js:130435:12)
      at Object.onceWrapper (events.js:281:20)
      at IncomingMessage.emit (events.js:198:15)
      at endReadableNT (_stream_readable.js:1142:12)
      at processTicksAndRejections (internal/process/task_queues.js:81:17)

npm manifest: 
  No manifest

yarn manifest: 
  No manifest

Lockfile: 
  No lockfile
